Using pre-set license
Built from '2020.2/release' branch; Version is '2020.2.1f1 (270dd8c3da1c) revision 2559448'; Using compiler version '192528614'; Build Type 'Release'
OS: 'Windows 10  (10.0.0) 64bit' Language: 'ru' Physical Memory: 16332 MB
BatchMode: 1, IsHumanControllingUs: 0, StartBugReporterOnCrash: 0, Is64bit: 1, IsPro: 0

 COMMAND LINE ARGUMENTS:
C:\Program Files\Unity\Hub\Editor\2020.2.1f1\Editor\Unity.exe
-adb2
-batchMode
-noUpm
-name
AssetImportWorker0
-projectPath
D:/Projects/KovtunovCubeTest
-logFile
Logs/AssetImportWorker0.log
-srvPort
60312
Successfully changed project path to: D:/Projects/KovtunovCubeTest
D:/Projects/KovtunovCubeTest
Using Asset Import Pipeline V2.
Refreshing native plugins compatible for Editor in 31.83 ms, found 0 plugins.
Preloading 0 native plugins for Editor in 0.00 ms.
Initialize engine version: 2020.2.1f1 (270dd8c3da1c)
[Subsystems] Discovering subsystems at path C:/Program Files/Unity/Hub/Editor/2020.2.1f1/Editor/Data/Resources/UnitySubsystems
[Subsystems] Discovering subsystems at path D:/Projects/KovtunovCubeTest/Assets
GfxDevice: creating device client; threaded=0
Direct3D:
    Version:  Direct3D 11.0 [level 11.0]
    Renderer: NVIDIA GeForce GT 710 (ID=0x128b)
    Vendor:   
    VRAM:     2007 MB
    Driver:   27.21.14.6647
Initialize mono
Mono path[0] = 'C:/Program Files/Unity/Hub/Editor/2020.2.1f1/Editor/Data/Managed'
Mono path[1] = 'C:/Program Files/Unity/Hub/Editor/2020.2.1f1/Editor/Data/MonoBleedingEdge/lib/mono/unityjit'
Mono config path = 'C:/Program Files/Unity/Hub/Editor/2020.2.1f1/Editor/Data/MonoBleedingEdge/etc'
Using monoOptions --debugger-agent=transport=dt_socket,embedding=1,server=y,suspend=n,address=127.0.0.1:56508
Begin MonoManager ReloadAssembly
Registering precompiled unity dll's ...
Register platform support module: C:/Program Files/Unity/Hub/Editor/2020.2.1f1/Editor/Data/PlaybackEngines/WindowsStandaloneSupport/UnityEditor.WindowsStandalone.Extensions.dll
Registered in 0.002841 seconds.
Native extension for WindowsStandalone target not found
Refreshing native plugins compatible for Editor in 31.66 ms, found 0 plugins.
Preloading 0 native plugins for Editor in 0.00 ms.
Invoked RoslynAnalysisRunner static constructor.
RoslynAnalysisRunner will not be running.
RoslynAnalysisRunner has terminated.
Mono: successfully reloaded assembly
- Completed reload, in  4.774 seconds
Platform modules already initialized, skipping
Registering precompiled user dll's ...
Registered in 0.000720 seconds.
Begin MonoManager ReloadAssembly
Native extension for WindowsStandalone target not found
Refreshing native plugins compatible for Editor in 0.24 ms, found 0 plugins.
Preloading 0 native plugins for Editor in 0.00 ms.
Invoked RoslynAnalysisRunner static constructor.
RoslynAnalysisRunner will not be running.
RoslynAnalysisRunner has terminated.
Mono: successfully reloaded assembly
- Completed reload, in  1.200 seconds
Platform modules already initialized, skipping
========================================================================
Worker process is ready to serve import requests
Launched and connected shader compiler UnityShaderCompiler.exe after 0.04 seconds
Refreshing native plugins compatible for Editor in 0.24 ms, found 0 plugins.
Preloading 0 native plugins for Editor in 0.00 ms.
Unloading 1095 Unused Serialized files (Serialized files now loaded: 0)
System memory in use before: 56.4 MB.
System memory in use after: 56.5 MB.

Unloading 10 unused Assets to reduce memory usage. Loaded Objects now: 1537.
Total: 2.081700 ms (FindLiveObjects: 0.167700 ms CreateObjectMapping: 0.033800 ms MarkObjects: 1.780500 ms  DeleteObjects: 0.098700 ms)

========================================================================
Received Import Request.
  path: ProjectSettings/TagManager.asset
  artifactKey: Guid(00000000000000003000000000000000) Importer(815301076,1909f56bfc062723c751e8b465ee728b)
Start importing ProjectSettings/TagManager.asset using Guid(00000000000000003000000000000000) Importer(815301076,1909f56bfc062723c751e8b465ee728b)  -> (artifact id: '8988b340c206bb1d98ca0d47b0266d3b') in 0.044850 seconds
  Import took 0.047276 seconds .

========================================================================
Received Prepare
Registering precompiled user dll's ...
Registered in 0.000702 seconds.
Begin MonoManager ReloadAssembly
Native extension for WindowsStandalone target not found
Refreshing native plugins compatible for Editor in 0.25 ms, found 0 plugins.
Preloading 0 native plugins for Editor in 0.00 ms.
Invoked RoslynAnalysisRunner static constructor.
RoslynAnalysisRunner will not be running.
RoslynAnalysisRunner has terminated.
Mono: successfully reloaded assembly
- Completed reload, in  1.193 seconds
Platform modules already initialized, skipping
Refreshing native plugins compatible for Editor in 0.25 ms, found 0 plugins.
Preloading 0 native plugins for Editor in 0.00 ms.
Unloading 1091 Unused Serialized files (Serialized files now loaded: 0)
System memory in use before: 56.5 MB.
System memory in use after: 56.6 MB.

Unloading 6 unused Assets to reduce memory usage. Loaded Objects now: 1540.
Total: 2.265800 ms (FindLiveObjects: 0.169900 ms CreateObjectMapping: 0.032300 ms MarkObjects: 2.000200 ms  DeleteObjects: 0.062200 ms)

========================================================================
Received Prepare
Registering precompiled user dll's ...
Registered in 0.000700 seconds.
Begin MonoManager ReloadAssembly
Native extension for WindowsStandalone target not found
Refreshing native plugins compatible for Editor in 0.26 ms, found 0 plugins.
Preloading 0 native plugins for Editor in 0.00 ms.
Invoked RoslynAnalysisRunner static constructor.
RoslynAnalysisRunner will not be running.
RoslynAnalysisRunner has terminated.
Mono: successfully reloaded assembly
- Completed reload, in  1.133 seconds
Platform modules already initialized, skipping
Refreshing native plugins compatible for Editor in 0.26 ms, found 0 plugins.
Preloading 0 native plugins for Editor in 0.00 ms.
Unloading 1091 Unused Serialized files (Serialized files now loaded: 0)
System memory in use before: 56.6 MB.
System memory in use after: 56.7 MB.

Unloading 5 unused Assets to reduce memory usage. Loaded Objects now: 1542.
Total: 2.031000 ms (FindLiveObjects: 0.170000 ms CreateObjectMapping: 0.034000 ms MarkObjects: 1.762600 ms  DeleteObjects: 0.063000 ms)

========================================================================
Received Import Request.
  Time since last request: 2032.687596 seconds.
  path: Assets/Cube.prefab
  artifactKey: Guid(4e35b20a64135ad409d8931a0ba999a4) Importer(815301076,1909f56bfc062723c751e8b465ee728b)
Start importing Assets/Cube.prefab using Guid(4e35b20a64135ad409d8931a0ba999a4) Importer(815301076,1909f56bfc062723c751e8b465ee728b)  -> (artifact id: 'a1677bb0e11ec09a8846af5ac913e7fd') in 0.124007 seconds
  Import took 0.126785 seconds .

========================================================================
Received Import Request.
  Time since last request: 0.004321 seconds.
  path: Assets/Cube.prefab
  artifactKey: Guid(4e35b20a64135ad409d8931a0ba999a4) Importer(815301076,1909f56bfc062723c751e8b465ee728b)
Start importing Assets/Cube.prefab using Guid(4e35b20a64135ad409d8931a0ba999a4) Importer(815301076,1909f56bfc062723c751e8b465ee728b)  -> (artifact id: 'a1677bb0e11ec09a8846af5ac913e7fd') in 0.013998 seconds
  Import took 0.016508 seconds .

========================================================================
Received Prepare
Registering precompiled user dll's ...
Registered in 0.000714 seconds.
Begin MonoManager ReloadAssembly
Native extension for WindowsStandalone target not found
Refreshing native plugins compatible for Editor in 0.25 ms, found 0 plugins.
Preloading 0 native plugins for Editor in 0.00 ms.
Invoked RoslynAnalysisRunner static constructor.
RoslynAnalysisRunner will not be running.
RoslynAnalysisRunner has terminated.
Mono: successfully reloaded assembly
- Completed reload, in  1.123 seconds
Platform modules already initialized, skipping
Refreshing native plugins compatible for Editor in 0.25 ms, found 0 plugins.
Preloading 0 native plugins for Editor in 0.00 ms.
Unloading 1091 Unused Serialized files (Serialized files now loaded: 0)
System memory in use before: 59.9 MB.
System memory in use after: 60.0 MB.

Unloading 6 unused Assets to reduce memory usage. Loaded Objects now: 1552.
Total: 2.456900 ms (FindLiveObjects: 0.178500 ms CreateObjectMapping: 0.033300 ms MarkObjects: 2.178500 ms  DeleteObjects: 0.065100 ms)

========================================================================
Received Import Request.
  Time since last request: 679.272613 seconds.
  path: ProjectSettings/TagManager.asset
  artifactKey: Guid(00000000000000003000000000000000) Importer(815301076,1909f56bfc062723c751e8b465ee728b)
Start importing ProjectSettings/TagManager.asset using Guid(00000000000000003000000000000000) Importer(815301076,1909f56bfc062723c751e8b465ee728b)  -> (artifact id: '85fcd638c6ae1fe58a8155e89a4a902a') in 0.019321 seconds
  Import took 0.022129 seconds .

========================================================================
Received Prepare
Registering precompiled user dll's ...
Registered in 0.000762 seconds.
Begin MonoManager ReloadAssembly
Native extension for WindowsStandalone target not found
Refreshing native plugins compatible for Editor in 0.25 ms, found 0 plugins.
Preloading 0 native plugins for Editor in 0.00 ms.
Invoked RoslynAnalysisRunner static constructor.
RoslynAnalysisRunner will not be running.
RoslynAnalysisRunner has terminated.
Mono: successfully reloaded assembly
- Completed reload, in  1.098 seconds
Platform modules already initialized, skipping
Refreshing native plugins compatible for Editor in 0.25 ms, found 0 plugins.
Preloading 0 native plugins for Editor in 0.00 ms.
Unloading 1091 Unused Serialized files (Serialized files now loaded: 0)
System memory in use before: 60.1 MB.
System memory in use after: 60.1 MB.

Unloading 6 unused Assets to reduce memory usage. Loaded Objects now: 1554.
Total: 2.004000 ms (FindLiveObjects: 0.168200 ms CreateObjectMapping: 0.034300 ms MarkObjects: 1.743800 ms  DeleteObjects: 0.056700 ms)

========================================================================
Received Prepare
Registering precompiled user dll's ...
Registered in 0.000686 seconds.
Begin MonoManager ReloadAssembly
Native extension for WindowsStandalone target not found
Refreshing native plugins compatible for Editor in 0.25 ms, found 0 plugins.
Preloading 0 native plugins for Editor in 0.00 ms.
Invoked RoslynAnalysisRunner static constructor.
RoslynAnalysisRunner will not be running.
RoslynAnalysisRunner has terminated.
Mono: successfully reloaded assembly
- Completed reload, in  1.119 seconds
Platform modules already initialized, skipping
Refreshing native plugins compatible for Editor in 0.25 ms, found 0 plugins.
Preloading 0 native plugins for Editor in 0.00 ms.
Unloading 1091 Unused Serialized files (Serialized files now loaded: 0)
System memory in use before: 60.2 MB.
System memory in use after: 60.2 MB.

Unloading 5 unused Assets to reduce memory usage. Loaded Objects now: 1556.
Total: 2.113900 ms (FindLiveObjects: 0.217400 ms CreateObjectMapping: 0.038900 ms MarkObjects: 1.797600 ms  DeleteObjects: 0.058600 ms)

========================================================================
Received Prepare
Registering precompiled user dll's ...
Registered in 0.000705 seconds.
Begin MonoManager ReloadAssembly
Native extension for WindowsStandalone target not found
Refreshing native plugins compatible for Editor in 0.25 ms, found 0 plugins.
Preloading 0 native plugins for Editor in 0.00 ms.
Invoked RoslynAnalysisRunner static constructor.
RoslynAnalysisRunner will not be running.
RoslynAnalysisRunner has terminated.
Mono: successfully reloaded assembly
- Completed reload, in  1.136 seconds
Platform modules already initialized, skipping
Refreshing native plugins compatible for Editor in 0.24 ms, found 0 plugins.
Preloading 0 native plugins for Editor in 0.00 ms.
Unloading 1091 Unused Serialized files (Serialized files now loaded: 0)
System memory in use before: 60.3 MB.
System memory in use after: 60.4 MB.

Unloading 5 unused Assets to reduce memory usage. Loaded Objects now: 1558.
Total: 1.964400 ms (FindLiveObjects: 0.177300 ms CreateObjectMapping: 0.033800 ms MarkObjects: 1.697000 ms  DeleteObjects: 0.055000 ms)

========================================================================
Received Prepare
Registering precompiled user dll's ...
Registered in 0.000692 seconds.
Begin MonoManager ReloadAssembly
Native extension for WindowsStandalone target not found
Refreshing native plugins compatible for Editor in 0.26 ms, found 0 plugins.
Preloading 0 native plugins for Editor in 0.00 ms.
Invoked RoslynAnalysisRunner static constructor.
RoslynAnalysisRunner will not be running.
RoslynAnalysisRunner has terminated.
Mono: successfully reloaded assembly
- Completed reload, in  1.136 seconds
Platform modules already initialized, skipping
Refreshing native plugins compatible for Editor in 0.27 ms, found 0 plugins.
Preloading 0 native plugins for Editor in 0.00 ms.
Unloading 1091 Unused Serialized files (Serialized files now loaded: 0)
System memory in use before: 60.4 MB.
System memory in use after: 60.5 MB.

Unloading 5 unused Assets to reduce memory usage. Loaded Objects now: 1560.
Total: 2.047300 ms (FindLiveObjects: 0.191100 ms CreateObjectMapping: 0.033400 ms MarkObjects: 1.766700 ms  DeleteObjects: 0.054300 ms)

========================================================================
Received Prepare
Registering precompiled user dll's ...
Registered in 0.000705 seconds.
Begin MonoManager ReloadAssembly
Native extension for WindowsStandalone target not found
Refreshing native plugins compatible for Editor in 0.24 ms, found 0 plugins.
Preloading 0 native plugins for Editor in 0.00 ms.
Invoked RoslynAnalysisRunner static constructor.
RoslynAnalysisRunner will not be running.
RoslynAnalysisRunner has terminated.
Mono: successfully reloaded assembly
- Completed reload, in  1.084 seconds
Platform modules already initialized, skipping
Refreshing native plugins compatible for Editor in 0.31 ms, found 0 plugins.
Preloading 0 native plugins for Editor in 0.00 ms.
Unloading 1091 Unused Serialized files (Serialized files now loaded: 0)
System memory in use before: 60.5 MB.
System memory in use after: 60.6 MB.

Unloading 5 unused Assets to reduce memory usage. Loaded Objects now: 1562.
Total: 2.027700 ms (FindLiveObjects: 0.167600 ms CreateObjectMapping: 0.032900 ms MarkObjects: 1.768100 ms  DeleteObjects: 0.057500 ms)

========================================================================
Received Prepare
Registering precompiled user dll's ...
Registered in 0.000681 seconds.
Begin MonoManager ReloadAssembly
Native extension for WindowsStandalone target not found
Refreshing native plugins compatible for Editor in 0.25 ms, found 0 plugins.
Preloading 0 native plugins for Editor in 0.00 ms.
Invoked RoslynAnalysisRunner static constructor.
RoslynAnalysisRunner will not be running.
RoslynAnalysisRunner has terminated.
Mono: successfully reloaded assembly
- Completed reload, in  1.128 seconds
Platform modules already initialized, skipping
Refreshing native plugins compatible for Editor in 0.32 ms, found 0 plugins.
Preloading 0 native plugins for Editor in 0.00 ms.
Unloading 1091 Unused Serialized files (Serialized files now loaded: 0)
System memory in use before: 60.5 MB.
System memory in use after: 60.6 MB.

Unloading 5 unused Assets to reduce memory usage. Loaded Objects now: 1564.
Total: 2.003400 ms (FindLiveObjects: 0.186500 ms CreateObjectMapping: 0.040300 ms MarkObjects: 1.720300 ms  DeleteObjects: 0.055200 ms)

========================================================================
Received Prepare
Registering precompiled user dll's ...
Registered in 0.000696 seconds.
Begin MonoManager ReloadAssembly
Native extension for WindowsStandalone target not found
Refreshing native plugins compatible for Editor in 0.25 ms, found 0 plugins.
Preloading 0 native plugins for Editor in 0.00 ms.
Invoked RoslynAnalysisRunner static constructor.
RoslynAnalysisRunner will not be running.
RoslynAnalysisRunner has terminated.
Mono: successfully reloaded assembly
- Completed reload, in  1.109 seconds
Platform modules already initialized, skipping
Refreshing native plugins compatible for Editor in 0.24 ms, found 0 plugins.
Preloading 0 native plugins for Editor in 0.00 ms.
Unloading 1091 Unused Serialized files (Serialized files now loaded: 0)
System memory in use before: 60.7 MB.
System memory in use after: 60.8 MB.

Unloading 5 unused Assets to reduce memory usage. Loaded Objects now: 1566.
Total: 1.963200 ms (FindLiveObjects: 0.175800 ms CreateObjectMapping: 0.035500 ms MarkObjects: 1.695600 ms  DeleteObjects: 0.055000 ms)

========================================================================
Received Prepare
Registering precompiled user dll's ...
Registered in 0.000697 seconds.
Begin MonoManager ReloadAssembly
Native extension for WindowsStandalone target not found
Refreshing native plugins compatible for Editor in 0.25 ms, found 0 plugins.
Preloading 0 native plugins for Editor in 0.00 ms.
Invoked RoslynAnalysisRunner static constructor.
RoslynAnalysisRunner will not be running.
RoslynAnalysisRunner has terminated.
Mono: successfully reloaded assembly
- Completed reload, in  1.088 seconds
Platform modules already initialized, skipping
Refreshing native plugins compatible for Editor in 0.28 ms, found 0 plugins.
Preloading 0 native plugins for Editor in 0.00 ms.
Unloading 1091 Unused Serialized files (Serialized files now loaded: 0)
System memory in use before: 60.8 MB.
System memory in use after: 60.9 MB.

Unloading 5 unused Assets to reduce memory usage. Loaded Objects now: 1568.
Total: 2.160400 ms (FindLiveObjects: 0.187600 ms CreateObjectMapping: 0.034500 ms MarkObjects: 1.878600 ms  DeleteObjects: 0.057900 ms)

========================================================================
Received Prepare
Registering precompiled user dll's ...
Registered in 0.000684 seconds.
Begin MonoManager ReloadAssembly
Native extension for WindowsStandalone target not found
Refreshing native plugins compatible for Editor in 0.27 ms, found 0 plugins.
Preloading 0 native plugins for Editor in 0.00 ms.
Invoked RoslynAnalysisRunner static constructor.
RoslynAnalysisRunner will not be running.
RoslynAnalysisRunner has terminated.
Mono: successfully reloaded assembly
- Completed reload, in  1.160 seconds
Platform modules already initialized, skipping
Refreshing native plugins compatible for Editor in 0.25 ms, found 0 plugins.
Preloading 0 native plugins for Editor in 0.00 ms.
Unloading 1091 Unused Serialized files (Serialized files now loaded: 0)
System memory in use before: 60.9 MB.
System memory in use after: 61.0 MB.

Unloading 5 unused Assets to reduce memory usage. Loaded Objects now: 1570.
Total: 1.975600 ms (FindLiveObjects: 0.174000 ms CreateObjectMapping: 0.032900 ms MarkObjects: 1.711400 ms  DeleteObjects: 0.055400 ms)

========================================================================
Received Prepare
Registering precompiled user dll's ...
Registered in 0.000704 seconds.
Begin MonoManager ReloadAssembly
Native extension for WindowsStandalone target not found
Refreshing native plugins compatible for Editor in 0.29 ms, found 0 plugins.
Preloading 0 native plugins for Editor in 0.00 ms.
Invoked RoslynAnalysisRunner static constructor.
RoslynAnalysisRunner will not be running.
RoslynAnalysisRunner has terminated.
Mono: successfully reloaded assembly
- Completed reload, in  1.141 seconds
Platform modules already initialized, skipping
Refreshing native plugins compatible for Editor in 0.24 ms, found 0 plugins.
Preloading 0 native plugins for Editor in 0.00 ms.
Unloading 1091 Unused Serialized files (Serialized files now loaded: 0)
System memory in use before: 61.1 MB.
System memory in use after: 61.1 MB.

Unloading 5 unused Assets to reduce memory usage. Loaded Objects now: 1572.
Total: 1.998500 ms (FindLiveObjects: 0.185900 ms CreateObjectMapping: 0.039300 ms MarkObjects: 1.721300 ms  DeleteObjects: 0.050700 ms)

========================================================================
Received Prepare
Registering precompiled user dll's ...
Registered in 0.000712 seconds.
Begin MonoManager ReloadAssembly
Native extension for WindowsStandalone target not found
Refreshing native plugins compatible for Editor in 0.25 ms, found 0 plugins.
Preloading 0 native plugins for Editor in 0.00 ms.
Invoked RoslynAnalysisRunner static constructor.
RoslynAnalysisRunner will not be running.
RoslynAnalysisRunner has terminated.
Mono: successfully reloaded assembly
- Completed reload, in  1.155 seconds
Platform modules already initialized, skipping
Refreshing native plugins compatible for Editor in 0.38 ms, found 0 plugins.
Preloading 0 native plugins for Editor in 0.00 ms.
Unloading 1091 Unused Serialized files (Serialized files now loaded: 0)
System memory in use before: 61.2 MB.
System memory in use after: 61.2 MB.

Unloading 5 unused Assets to reduce memory usage. Loaded Objects now: 1574.
Total: 2.103900 ms (FindLiveObjects: 0.188400 ms CreateObjectMapping: 0.037400 ms MarkObjects: 1.785900 ms  DeleteObjects: 0.089800 ms)

========================================================================
Received Prepare
Registering precompiled user dll's ...
Registered in 0.000755 seconds.
Begin MonoManager ReloadAssembly
Native extension for WindowsStandalone target not found
Refreshing native plugins compatible for Editor in 0.23 ms, found 0 plugins.
Preloading 0 native plugins for Editor in 0.00 ms.
Invoked RoslynAnalysisRunner static constructor.
RoslynAnalysisRunner will not be running.
RoslynAnalysisRunner has terminated.
Mono: successfully reloaded assembly
- Completed reload, in  1.109 seconds
Platform modules already initialized, skipping
Refreshing native plugins compatible for Editor in 0.25 ms, found 0 plugins.
Preloading 0 native plugins for Editor in 0.00 ms.
Unloading 1091 Unused Serialized files (Serialized files now loaded: 0)
System memory in use before: 61.3 MB.
System memory in use after: 61.3 MB.

Unloading 5 unused Assets to reduce memory usage. Loaded Objects now: 1576.
Total: 2.055200 ms (FindLiveObjects: 0.195700 ms CreateObjectMapping: 0.040300 ms MarkObjects: 1.761500 ms  DeleteObjects: 0.056500 ms)

========================================================================
Received Prepare
Registering precompiled user dll's ...
Registered in 0.000714 seconds.
Begin MonoManager ReloadAssembly
Native extension for WindowsStandalone target not found
Refreshing native plugins compatible for Editor in 0.49 ms, found 0 plugins.
Preloading 0 native plugins for Editor in 0.00 ms.
Invoked RoslynAnalysisRunner static constructor.
RoslynAnalysisRunner will not be running.
RoslynAnalysisRunner has terminated.
Mono: successfully reloaded assembly
- Completed reload, in  1.095 seconds
Platform modules already initialized, skipping
Refreshing native plugins compatible for Editor in 0.25 ms, found 0 plugins.
Preloading 0 native plugins for Editor in 0.00 ms.
Unloading 1091 Unused Serialized files (Serialized files now loaded: 0)
System memory in use before: 61.4 MB.
System memory in use after: 61.5 MB.

Unloading 5 unused Assets to reduce memory usage. Loaded Objects now: 1578.
Total: 2.193300 ms (FindLiveObjects: 0.189800 ms CreateObjectMapping: 0.036200 ms MarkObjects: 1.909400 ms  DeleteObjects: 0.056400 ms)

========================================================================
Received Prepare
Registering precompiled user dll's ...
Registered in 0.000693 seconds.
Begin MonoManager ReloadAssembly
Native extension for WindowsStandalone target not found
Refreshing native plugins compatible for Editor in 0.26 ms, found 0 plugins.
Preloading 0 native plugins for Editor in 0.00 ms.
Invoked RoslynAnalysisRunner static constructor.
RoslynAnalysisRunner will not be running.
RoslynAnalysisRunner has terminated.
Mono: successfully reloaded assembly
- Completed reload, in  1.110 seconds
Platform modules already initialized, skipping
Refreshing native plugins compatible for Editor in 0.25 ms, found 0 plugins.
Preloading 0 native plugins for Editor in 0.00 ms.
Unloading 1091 Unused Serialized files (Serialized files now loaded: 0)
System memory in use before: 61.5 MB.
System memory in use after: 61.6 MB.

Unloading 5 unused Assets to reduce memory usage. Loaded Objects now: 1580.
Total: 2.073700 ms (FindLiveObjects: 0.187900 ms CreateObjectMapping: 0.040700 ms MarkObjects: 1.788900 ms  DeleteObjects: 0.055100 ms)

========================================================================
Received Prepare
Registering precompiled user dll's ...
Registered in 0.000703 seconds.
Begin MonoManager ReloadAssembly
Native extension for WindowsStandalone target not found
Refreshing native plugins compatible for Editor in 0.24 ms, found 0 plugins.
Preloading 0 native plugins for Editor in 0.00 ms.
Invoked RoslynAnalysisRunner static constructor.
RoslynAnalysisRunner will not be running.
RoslynAnalysisRunner has terminated.
Mono: successfully reloaded assembly
- Completed reload, in  1.122 seconds
Platform modules already initialized, skipping
Refreshing native plugins compatible for Editor in 0.24 ms, found 0 plugins.
Preloading 0 native plugins for Editor in 0.00 ms.
Unloading 1091 Unused Serialized files (Serialized files now loaded: 0)
System memory in use before: 61.6 MB.
System memory in use after: 61.7 MB.

Unloading 5 unused Assets to reduce memory usage. Loaded Objects now: 1582.
Total: 2.119400 ms (FindLiveObjects: 0.179600 ms CreateObjectMapping: 0.032700 ms MarkObjects: 1.810000 ms  DeleteObjects: 0.095100 ms)

========================================================================
Received Prepare
Registering precompiled user dll's ...
Registered in 0.000674 seconds.
Begin MonoManager ReloadAssembly
Native extension for WindowsStandalone target not found
Refreshing native plugins compatible for Editor in 0.26 ms, found 0 plugins.
Preloading 0 native plugins for Editor in 0.00 ms.
Invoked RoslynAnalysisRunner static constructor.
RoslynAnalysisRunner will not be running.
RoslynAnalysisRunner has terminated.
Mono: successfully reloaded assembly
- Completed reload, in  1.130 seconds
Platform modules already initialized, skipping
Refreshing native plugins compatible for Editor in 0.25 ms, found 0 plugins.
Preloading 0 native plugins for Editor in 0.00 ms.
Unloading 1091 Unused Serialized files (Serialized files now loaded: 0)
System memory in use before: 60.7 MB.
System memory in use after: 60.8 MB.

Unloading 5 unused Assets to reduce memory usage. Loaded Objects now: 1584.
Total: 3.935900 ms (FindLiveObjects: 0.223000 ms CreateObjectMapping: 0.043500 ms MarkObjects: 3.522200 ms  DeleteObjects: 0.144000 ms)

========================================================================
Received Prepare
Registering precompiled user dll's ...
Registered in 0.000832 seconds.
Begin MonoManager ReloadAssembly
Native extension for WindowsStandalone target not found
Refreshing native plugins compatible for Editor in 0.27 ms, found 0 plugins.
Preloading 0 native plugins for Editor in 0.00 ms.
Invoked RoslynAnalysisRunner static constructor.
RoslynAnalysisRunner will not be running.
RoslynAnalysisRunner has terminated.
Mono: successfully reloaded assembly
- Completed reload, in  1.254 seconds
Platform modules already initialized, skipping
Refreshing native plugins compatible for Editor in 0.25 ms, found 0 plugins.
Preloading 0 native plugins for Editor in 0.00 ms.
Unloading 1091 Unused Serialized files (Serialized files now loaded: 0)
System memory in use before: 60.8 MB.
System memory in use after: 60.9 MB.

Unloading 5 unused Assets to reduce memory usage. Loaded Objects now: 1586.
Total: 1.969300 ms (FindLiveObjects: 0.185000 ms CreateObjectMapping: 0.034000 ms MarkObjects: 1.691600 ms  DeleteObjects: 0.057800 ms)

========================================================================
Received Prepare
Registering precompiled user dll's ...
Registered in 0.000682 seconds.
Begin MonoManager ReloadAssembly
Native extension for WindowsStandalone target not found
Refreshing native plugins compatible for Editor in 0.29 ms, found 0 plugins.
Preloading 0 native plugins for Editor in 0.00 ms.
Invoked RoslynAnalysisRunner static constructor.
RoslynAnalysisRunner will not be running.
RoslynAnalysisRunner has terminated.
Mono: successfully reloaded assembly
- Completed reload, in  1.279 seconds
Platform modules already initialized, skipping
Refreshing native plugins compatible for Editor in 0.61 ms, found 0 plugins.
Preloading 0 native plugins for Editor in 0.00 ms.
Unloading 1091 Unused Serialized files (Serialized files now loaded: 0)
System memory in use before: 60.9 MB.
System memory in use after: 61.0 MB.

Unloading 5 unused Assets to reduce memory usage. Loaded Objects now: 1588.
Total: 1.960400 ms (FindLiveObjects: 0.178100 ms CreateObjectMapping: 0.034600 ms MarkObjects: 1.684200 ms  DeleteObjects: 0.061800 ms)

========================================================================
Received Prepare
Registering precompiled user dll's ...
Registered in 0.000948 seconds.
Begin MonoManager ReloadAssembly
Native extension for WindowsStandalone target not found
Refreshing native plugins compatible for Editor in 0.26 ms, found 0 plugins.
Preloading 0 native plugins for Editor in 0.00 ms.
Invoked RoslynAnalysisRunner static constructor.
RoslynAnalysisRunner will not be running.
RoslynAnalysisRunner has terminated.
Mono: successfully reloaded assembly
- Completed reload, in  1.110 seconds
Platform modules already initialized, skipping
Refreshing native plugins compatible for Editor in 0.25 ms, found 0 plugins.
Preloading 0 native plugins for Editor in 0.00 ms.
Unloading 1091 Unused Serialized files (Serialized files now loaded: 0)
System memory in use before: 61.0 MB.
System memory in use after: 61.1 MB.

Unloading 5 unused Assets to reduce memory usage. Loaded Objects now: 1590.
Total: 2.182200 ms (FindLiveObjects: 0.222500 ms CreateObjectMapping: 0.035600 ms MarkObjects: 1.862000 ms  DeleteObjects: 0.060000 ms)

========================================================================
Received Prepare
Registering precompiled user dll's ...
Registered in 0.000719 seconds.
Begin MonoManager ReloadAssembly
Native extension for WindowsStandalone target not found
Refreshing native plugins compatible for Editor in 0.25 ms, found 0 plugins.
Preloading 0 native plugins for Editor in 0.00 ms.
Invoked RoslynAnalysisRunner static constructor.
RoslynAnalysisRunner will not be running.
RoslynAnalysisRunner has terminated.
Mono: successfully reloaded assembly
- Completed reload, in  1.116 seconds
Platform modules already initialized, skipping
Refreshing native plugins compatible for Editor in 0.25 ms, found 0 plugins.
Preloading 0 native plugins for Editor in 0.00 ms.
Unloading 1091 Unused Serialized files (Serialized files now loaded: 0)
System memory in use before: 61.2 MB.
System memory in use after: 61.2 MB.

Unloading 5 unused Assets to reduce memory usage. Loaded Objects now: 1592.
Total: 2.080400 ms (FindLiveObjects: 0.196900 ms CreateObjectMapping: 0.033900 ms MarkObjects: 1.781900 ms  DeleteObjects: 0.065400 ms)

========================================================================
Received Prepare
Registering precompiled user dll's ...
Registered in 0.000784 seconds.
Begin MonoManager ReloadAssembly
Native extension for WindowsStandalone target not found
Refreshing native plugins compatible for Editor in 0.25 ms, found 0 plugins.
Preloading 0 native plugins for Editor in 0.00 ms.
Invoked RoslynAnalysisRunner static constructor.
RoslynAnalysisRunner will not be running.
RoslynAnalysisRunner has terminated.
Mono: successfully reloaded assembly
- Completed reload, in  1.092 seconds
Platform modules already initialized, skipping
Refreshing native plugins compatible for Editor in 0.25 ms, found 0 plugins.
Preloading 0 native plugins for Editor in 0.00 ms.
Unloading 1091 Unused Serialized files (Serialized files now loaded: 0)
System memory in use before: 61.3 MB.
System memory in use after: 61.3 MB.

Unloading 5 unused Assets to reduce memory usage. Loaded Objects now: 1594.
Total: 2.266000 ms (FindLiveObjects: 0.251800 ms CreateObjectMapping: 0.041300 ms MarkObjects: 1.915000 ms  DeleteObjects: 0.056200 ms)

========================================================================
Received Import Request.
  Time since last request: 3137.154893 seconds.
  path: Assets/Cube.prefab
  artifactKey: Guid(4e35b20a64135ad409d8931a0ba999a4) Importer(815301076,1909f56bfc062723c751e8b465ee728b)
Start importing Assets/Cube.prefab using Guid(4e35b20a64135ad409d8931a0ba999a4) Importer(815301076,1909f56bfc062723c751e8b465ee728b)  -> (artifact id: '2e9e153ce94b89084822d409455cf6ec') in 0.083642 seconds
  Import took 0.086187 seconds .

========================================================================
Received Import Request.
  Time since last request: 463.766812 seconds.
  path: Assets/DestroyParticle.prefab
  artifactKey: Guid(44ca9f88e5bd96c48bbc545f91900196) Importer(815301076,1909f56bfc062723c751e8b465ee728b)
Start importing Assets/DestroyParticle.prefab using Guid(44ca9f88e5bd96c48bbc545f91900196) Importer(815301076,1909f56bfc062723c751e8b465ee728b)  -> (artifact id: 'bc3d1cbbc0c2d11c00ec1a7479e216cb') in 0.015960 seconds
  Import took 0.018779 seconds .

========================================================================
Received Import Request.
  Time since last request: 0.000832 seconds.
  path: Assets/DestroyParticle.prefab
  artifactKey: Guid(44ca9f88e5bd96c48bbc545f91900196) Importer(815301076,1909f56bfc062723c751e8b465ee728b)
Start importing Assets/DestroyParticle.prefab using Guid(44ca9f88e5bd96c48bbc545f91900196) Importer(815301076,1909f56bfc062723c751e8b465ee728b)  -> (artifact id: 'bc3d1cbbc0c2d11c00ec1a7479e216cb') in 0.005919 seconds
  Import took 0.010139 seconds .

========================================================================
Received Import Request.
  Time since last request: 5.657625 seconds.
  path: Assets/Cube.prefab
  artifactKey: Guid(4e35b20a64135ad409d8931a0ba999a4) Importer(815301076,1909f56bfc062723c751e8b465ee728b)
Start importing Assets/Cube.prefab using Guid(4e35b20a64135ad409d8931a0ba999a4) Importer(815301076,1909f56bfc062723c751e8b465ee728b)  -> (artifact id: 'e4c2dd46efd6cff8be7099a05f872423') in 0.018076 seconds
  Import took 0.020819 seconds .

========================================================================
Received Prepare
Registering precompiled user dll's ...
Registered in 0.000716 seconds.
Begin MonoManager ReloadAssembly
Native extension for WindowsStandalone target not found
Refreshing native plugins compatible for Editor in 0.35 ms, found 0 plugins.
Preloading 0 native plugins for Editor in 0.00 ms.
Invoked RoslynAnalysisRunner static constructor.
RoslynAnalysisRunner will not be running.
RoslynAnalysisRunner has terminated.
Mono: successfully reloaded assembly
- Completed reload, in  1.473 seconds
Platform modules already initialized, skipping
Refreshing native plugins compatible for Editor in 0.27 ms, found 0 plugins.
Preloading 0 native plugins for Editor in 0.00 ms.
Unloading 1092 Unused Serialized files (Serialized files now loaded: 0)
System memory in use before: 61.4 MB.
System memory in use after: 61.5 MB.

Unloading 6 unused Assets to reduce memory usage. Loaded Objects now: 1598.
Total: 1.971000 ms (FindLiveObjects: 0.190900 ms CreateObjectMapping: 0.034600 ms MarkObjects: 1.683900 ms  DeleteObjects: 0.060500 ms)

========================================================================
Received Prepare
Registering precompiled user dll's ...
Registered in 0.000732 seconds.
Begin MonoManager ReloadAssembly
Native extension for WindowsStandalone target not found
Refreshing native plugins compatible for Editor in 0.37 ms, found 0 plugins.
Preloading 0 native plugins for Editor in 0.00 ms.
Invoked RoslynAnalysisRunner static constructor.
RoslynAnalysisRunner will not be running.
RoslynAnalysisRunner has terminated.
Mono: successfully reloaded assembly
- Completed reload, in  1.174 seconds
Platform modules already initialized, skipping
Refreshing native plugins compatible for Editor in 0.25 ms, found 0 plugins.
Preloading 0 native plugins for Editor in 0.00 ms.
Unloading 1092 Unused Serialized files (Serialized files now loaded: 0)
System memory in use before: 61.5 MB.
System memory in use after: 61.6 MB.

Unloading 5 unused Assets to reduce memory usage. Loaded Objects now: 1600.
Total: 2.033100 ms (FindLiveObjects: 0.184400 ms CreateObjectMapping: 0.034600 ms MarkObjects: 1.756000 ms  DeleteObjects: 0.057100 ms)

========================================================================
Received Import Request.
  Time since last request: 70.191606 seconds.
  path: Assets/DestroyParticle.prefab
  artifactKey: Guid(44ca9f88e5bd96c48bbc545f91900196) Importer(815301076,1909f56bfc062723c751e8b465ee728b)
Start importing Assets/DestroyParticle.prefab using Guid(44ca9f88e5bd96c48bbc545f91900196) Importer(815301076,1909f56bfc062723c751e8b465ee728b)  -> (artifact id: '6558a192e83bbb56e51a758d1f561276') in 0.042092 seconds
  Import took 0.044827 seconds .

========================================================================
Received Prepare
Registering precompiled user dll's ...
Registered in 0.000721 seconds.
Begin MonoManager ReloadAssembly
Native extension for WindowsStandalone target not found
Refreshing native plugins compatible for Editor in 0.26 ms, found 0 plugins.
Preloading 0 native plugins for Editor in 0.00 ms.
Invoked RoslynAnalysisRunner static constructor.
RoslynAnalysisRunner will not be running.
RoslynAnalysisRunner has terminated.
Mono: successfully reloaded assembly
- Completed reload, in  1.123 seconds
Platform modules already initialized, skipping
Refreshing native plugins compatible for Editor in 0.33 ms, found 0 plugins.
Preloading 0 native plugins for Editor in 0.00 ms.
Unloading 1092 Unused Serialized files (Serialized files now loaded: 0)
System memory in use before: 61.6 MB.
System memory in use after: 61.7 MB.

Unloading 5 unused Assets to reduce memory usage. Loaded Objects now: 1602.
Total: 2.410700 ms (FindLiveObjects: 0.181100 ms CreateObjectMapping: 0.033600 ms MarkObjects: 2.135400 ms  DeleteObjects: 0.058300 ms)

========================================================================
Received Import Request.
  Time since last request: 41.727000 seconds.
  path: Assets/DestroyParticle.prefab
  artifactKey: Guid(44ca9f88e5bd96c48bbc545f91900196) Importer(815301076,1909f56bfc062723c751e8b465ee728b)
Start importing Assets/DestroyParticle.prefab using Guid(44ca9f88e5bd96c48bbc545f91900196) Importer(815301076,1909f56bfc062723c751e8b465ee728b)  -> (artifact id: '6c748cab3842242bfdcee507a24aa9e3') in 0.035930 seconds
  Import took 0.038572 seconds .

========================================================================
Received Import Request.
  Time since last request: 3.438177 seconds.
  path: Assets/DestroyParticle.prefab
  artifactKey: Guid(44ca9f88e5bd96c48bbc545f91900196) Importer(815301076,1909f56bfc062723c751e8b465ee728b)
Start importing Assets/DestroyParticle.prefab using Guid(44ca9f88e5bd96c48bbc545f91900196) Importer(815301076,1909f56bfc062723c751e8b465ee728b)  -> (artifact id: '417fc0c6941cd530cb82967c4855600f') in 0.007697 seconds
  Import took 0.010896 seconds .

========================================================================
Received Import Request.
  Time since last request: 9.300710 seconds.
  path: Assets/DestroyParticle.prefab
  artifactKey: Guid(44ca9f88e5bd96c48bbc545f91900196) Importer(815301076,1909f56bfc062723c751e8b465ee728b)
Start importing Assets/DestroyParticle.prefab using Guid(44ca9f88e5bd96c48bbc545f91900196) Importer(815301076,1909f56bfc062723c751e8b465ee728b)  -> (artifact id: '4db394905128ff77a43038902229e04d') in 0.007266 seconds
  Import took 0.010131 seconds .

========================================================================
Received Import Request.
  Time since last request: 7.287403 seconds.
  path: Assets/DestroyParticle.prefab
  artifactKey: Guid(44ca9f88e5bd96c48bbc545f91900196) Importer(815301076,1909f56bfc062723c751e8b465ee728b)
Start importing Assets/DestroyParticle.prefab using Guid(44ca9f88e5bd96c48bbc545f91900196) Importer(815301076,1909f56bfc062723c751e8b465ee728b)  -> (artifact id: '45c282426a77d93c8409bb04c362eb27') in 0.007489 seconds
  Import took 0.010443 seconds .

========================================================================
Received Import Request.
  Time since last request: 18.980443 seconds.
  path: Assets/DestroyParticle.prefab
  artifactKey: Guid(44ca9f88e5bd96c48bbc545f91900196) Importer(815301076,1909f56bfc062723c751e8b465ee728b)
Start importing Assets/DestroyParticle.prefab using Guid(44ca9f88e5bd96c48bbc545f91900196) Importer(815301076,1909f56bfc062723c751e8b465ee728b)  -> (artifact id: 'd25b36b7138b57f4c07a9717dacf4c03') in 0.008326 seconds
  Import took 0.011071 seconds .

========================================================================
Received Import Request.
  Time since last request: 2.653022 seconds.
  path: Assets/DestroyParticle.prefab
  artifactKey: Guid(44ca9f88e5bd96c48bbc545f91900196) Importer(815301076,1909f56bfc062723c751e8b465ee728b)
Start importing Assets/DestroyParticle.prefab using Guid(44ca9f88e5bd96c48bbc545f91900196) Importer(815301076,1909f56bfc062723c751e8b465ee728b)  -> (artifact id: 'e7edd19a374ff83b1a8af119c419c8ba') in 0.008291 seconds
  Import took 0.012056 seconds .

========================================================================
Received Import Request.
  Time since last request: 19.656354 seconds.
  path: Assets/DestroyParticle.prefab
  artifactKey: Guid(44ca9f88e5bd96c48bbc545f91900196) Importer(815301076,1909f56bfc062723c751e8b465ee728b)
Start importing Assets/DestroyParticle.prefab using Guid(44ca9f88e5bd96c48bbc545f91900196) Importer(815301076,1909f56bfc062723c751e8b465ee728b)  -> (artifact id: '81d7e827be4f79143b0233856d942493') in 0.007338 seconds
  Import took 0.011028 seconds .

========================================================================
Received Import Request.
  Time since last request: 2.321728 seconds.
  path: Assets/DestroyParticle.prefab
  artifactKey: Guid(44ca9f88e5bd96c48bbc545f91900196) Importer(815301076,1909f56bfc062723c751e8b465ee728b)
Start importing Assets/DestroyParticle.prefab using Guid(44ca9f88e5bd96c48bbc545f91900196) Importer(815301076,1909f56bfc062723c751e8b465ee728b)  -> (artifact id: '05508484acad7bf70fd496a66ab8d539') in 0.007986 seconds
  Import took 0.011608 seconds .

========================================================================
Received Import Request.
  Time since last request: 4.478174 seconds.
  path: Assets/DestroyParticle.prefab
  artifactKey: Guid(44ca9f88e5bd96c48bbc545f91900196) Importer(815301076,1909f56bfc062723c751e8b465ee728b)
Start importing Assets/DestroyParticle.prefab using Guid(44ca9f88e5bd96c48bbc545f91900196) Importer(815301076,1909f56bfc062723c751e8b465ee728b)  -> (artifact id: 'ccff5df702a9e892464124f7ea8b15a0') in 0.006825 seconds
  Import took 0.010377 seconds .

========================================================================
Received Prepare
Registering precompiled user dll's ...
Registered in 0.000700 seconds.
Begin MonoManager ReloadAssembly
Native extension for WindowsStandalone target not found
Refreshing native plugins compatible for Editor in 0.26 ms, found 0 plugins.
Preloading 0 native plugins for Editor in 0.00 ms.
Invoked RoslynAnalysisRunner static constructor.
RoslynAnalysisRunner will not be running.
RoslynAnalysisRunner has terminated.
Mono: successfully reloaded assembly
- Completed reload, in  1.110 seconds
Platform modules already initialized, skipping
Refreshing native plugins compatible for Editor in 0.26 ms, found 0 plugins.
Preloading 0 native plugins for Editor in 0.00 ms.
Unloading 1092 Unused Serialized files (Serialized files now loaded: 0)
System memory in use before: 61.6 MB.
System memory in use after: 61.7 MB.

Unloading 5 unused Assets to reduce memory usage. Loaded Objects now: 1604.
Total: 2.010100 ms (FindLiveObjects: 0.186600 ms CreateObjectMapping: 0.033000 ms MarkObjects: 1.732600 ms  DeleteObjects: 0.056700 ms)

========================================================================
Received Prepare
Registering precompiled user dll's ...
Registered in 0.000707 seconds.
Begin MonoManager ReloadAssembly
Native extension for WindowsStandalone target not found
Refreshing native plugins compatible for Editor in 0.25 ms, found 0 plugins.
Preloading 0 native plugins for Editor in 0.00 ms.
Invoked RoslynAnalysisRunner static constructor.
RoslynAnalysisRunner will not be running.
RoslynAnalysisRunner has terminated.
Mono: successfully reloaded assembly
- Completed reload, in  1.191 seconds
Platform modules already initialized, skipping
Refreshing native plugins compatible for Editor in 0.27 ms, found 0 plugins.
Preloading 0 native plugins for Editor in 0.00 ms.
Unloading 1092 Unused Serialized files (Serialized files now loaded: 0)
System memory in use before: 60.9 MB.
System memory in use after: 60.9 MB.

Unloading 5 unused Assets to reduce memory usage. Loaded Objects now: 1606.
Total: 2.027400 ms (FindLiveObjects: 0.180500 ms CreateObjectMapping: 0.035500 ms MarkObjects: 1.754700 ms  DeleteObjects: 0.055400 ms)

========================================================================
Received Import Request.
  Time since last request: 110.333360 seconds.
  path: Assets/DestroyParticle.prefab
  artifactKey: Guid(44ca9f88e5bd96c48bbc545f91900196) Importer(815301076,1909f56bfc062723c751e8b465ee728b)
Start importing Assets/DestroyParticle.prefab using Guid(44ca9f88e5bd96c48bbc545f91900196) Importer(815301076,1909f56bfc062723c751e8b465ee728b)  -> (artifact id: '0f5d2dc20e44ddf5bdc961aca37b501b') in 0.038729 seconds
  Import took 0.041566 seconds .

========================================================================
Received Prepare
Registering precompiled user dll's ...
Registered in 0.000718 seconds.
Begin MonoManager ReloadAssembly
Native extension for WindowsStandalone target not found
Refreshing native plugins compatible for Editor in 0.26 ms, found 0 plugins.
Preloading 0 native plugins for Editor in 0.00 ms.
Invoked RoslynAnalysisRunner static constructor.
RoslynAnalysisRunner will not be running.
RoslynAnalysisRunner has terminated.
Mono: successfully reloaded assembly
- Completed reload, in  1.131 seconds
Platform modules already initialized, skipping
Refreshing native plugins compatible for Editor in 0.26 ms, found 0 plugins.
Preloading 0 native plugins for Editor in 0.00 ms.
Unloading 1092 Unused Serialized files (Serialized files now loaded: 0)
System memory in use before: 61.0 MB.
System memory in use after: 61.0 MB.

Unloading 5 unused Assets to reduce memory usage. Loaded Objects now: 1608.
Total: 2.272800 ms (FindLiveObjects: 0.185900 ms CreateObjectMapping: 0.033900 ms MarkObjects: 1.993600 ms  DeleteObjects: 0.057700 ms)

========================================================================
Received Import Request.
  Time since last request: 74.358650 seconds.
  path: Assets/DestroyParticle.prefab
  artifactKey: Guid(44ca9f88e5bd96c48bbc545f91900196) Importer(815301076,1909f56bfc062723c751e8b465ee728b)
Start importing Assets/DestroyParticle.prefab using Guid(44ca9f88e5bd96c48bbc545f91900196) Importer(815301076,1909f56bfc062723c751e8b465ee728b)  -> (artifact id: '0568632631fafc5ed5732629b028e46e') in 0.041143 seconds
  Import took 0.044271 seconds .

========================================================================
Received Import Request.
  Time since last request: 4.480787 seconds.
  path: Assets/DestroyParticle.prefab
  artifactKey: Guid(44ca9f88e5bd96c48bbc545f91900196) Importer(815301076,1909f56bfc062723c751e8b465ee728b)
Start importing Assets/DestroyParticle.prefab using Guid(44ca9f88e5bd96c48bbc545f91900196) Importer(815301076,1909f56bfc062723c751e8b465ee728b)  -> (artifact id: '2044db4ce59fcb439f301edadf0a2521') in 0.006650 seconds
  Import took 0.009465 seconds .

========================================================================
Received Prepare
Registering precompiled user dll's ...
Registered in 0.000720 seconds.
Begin MonoManager ReloadAssembly
Native extension for WindowsStandalone target not found
Refreshing native plugins compatible for Editor in 0.25 ms, found 0 plugins.
Preloading 0 native plugins for Editor in 0.00 ms.
Invoked RoslynAnalysisRunner static constructor.
RoslynAnalysisRunner will not be running.
RoslynAnalysisRunner has terminated.
Mono: successfully reloaded assembly
- Completed reload, in  1.151 seconds
Platform modules already initialized, skipping
Refreshing native plugins compatible for Editor in 0.25 ms, found 0 plugins.
Preloading 0 native plugins for Editor in 0.00 ms.
Unloading 1092 Unused Serialized files (Serialized files now loaded: 0)
System memory in use before: 61.1 MB.
System memory in use after: 61.2 MB.

Unloading 5 unused Assets to reduce memory usage. Loaded Objects now: 1610.
Total: 2.064800 ms (FindLiveObjects: 0.187200 ms CreateObjectMapping: 0.034400 ms MarkObjects: 1.782100 ms  DeleteObjects: 0.059400 ms)

========================================================================
Received Prepare
Registering precompiled user dll's ...
Registered in 0.000690 seconds.
Begin MonoManager ReloadAssembly
Native extension for WindowsStandalone target not found
Refreshing native plugins compatible for Editor in 0.26 ms, found 0 plugins.
Preloading 0 native plugins for Editor in 0.00 ms.
Invoked RoslynAnalysisRunner static constructor.
RoslynAnalysisRunner will not be running.
RoslynAnalysisRunner has terminated.
Mono: successfully reloaded assembly
- Completed reload, in  2.154 seconds
Platform modules already initialized, skipping
Refreshing native plugins compatible for Editor in 0.37 ms, found 0 plugins.
Preloading 0 native plugins for Editor in 0.00 ms.
Unloading 1096 Unused Serialized files (Serialized files now loaded: 0)
System memory in use before: 61.3 MB.
System memory in use after: 61.3 MB.

Unloading 5 unused Assets to reduce memory usage. Loaded Objects now: 1612.
Total: 2.126700 ms (FindLiveObjects: 0.192200 ms CreateObjectMapping: 0.034400 ms MarkObjects: 1.843600 ms  DeleteObjects: 0.055100 ms)

========================================================================
Received Prepare
Refreshing native plugins compatible for Editor in 0.79 ms, found 0 plugins.
Preloading 0 native plugins for Editor in 0.00 ms.
Unloading 6 Unused Serialized files (Serialized files now loaded: 0)
System memory in use before: 39.7 MB.
System memory in use after: 39.8 MB.

Unloading 3 unused Assets to reduce memory usage. Loaded Objects now: 1612.
Total: 2.259500 ms (FindLiveObjects: 0.182500 ms CreateObjectMapping: 0.033400 ms MarkObjects: 1.985500 ms  DeleteObjects: 0.056300 ms)

========================================================================
Received Prepare
Refreshing native plugins compatible for Editor in 0.99 ms, found 0 plugins.
Preloading 0 native plugins for Editor in 0.00 ms.
Unloading 3 Unused Serialized files (Serialized files now loaded: 0)
System memory in use before: 39.7 MB.
System memory in use after: 39.8 MB.

Unloading 3 unused Assets to reduce memory usage. Loaded Objects now: 1612.
Total: 2.149900 ms (FindLiveObjects: 0.192600 ms CreateObjectMapping: 0.034400 ms MarkObjects: 1.859300 ms  DeleteObjects: 0.060600 ms)

AssetImportWorkerClient::OnTransportError - code=2 error=End of file
